[make-money.vip/index.html]
[backblue.gif]
[fade.gif]
[index.html]
[make-money.vip/browser.sentry-cdn.com/6.4.1/bundle.min.js]
[make-money.vip/www.google-analytics.com/analytics.js]
[i.imgur.com/cyBC9kQ.png]
[i.imgur.com/MAQpbKR.png]
[i.imgur.com/txTlVJT.jpg]
[i.imgur.com/6Ls2Xp6.png]
[i.imgur.com/U7lfW9S.png]
[i.imgur.com/8hE4hjF.png]
[i.imgur.com/LqpmnY7.png]
[i.imgur.com/XoN3RjY.png]
[make-money.vip/d13pxqgp3ixdbh.cloudfront.net/uploads/16073052119ab66499520f00628d39e76e79ab24cb.png]
[make-money.vip/d13pxqgp3ixdbh.cloudfront.net/uploads/1607305208ff09c2c27cb02d0726c315b836b061aa.png]
[make-money.vip/d13pxqgp3ixdbh.cloudfront.net/uploads/16073052127d9d02c444c98f55412aa5ec9987076d.png]
[make-money.vip/ajax.googleapis.com/ajax/libs/jquery/2.2.4/jquery.min.js]
[make-money.vip/d13nu0oomnx5ti.cloudfront.net/fb9e37a.js]
[make-money.vip/index.html]
[make-money.vip/style.html]
[make-money.vip/main.html]
[make-money.vip/customTemplateGlobal.html]
